<?xml version="1.0" encoding="UTF-8"?>
<testsuite xmlns:xsi="http://www.w3.org/2001/XMLSchema-instance" xsi:noNamespaceSchemaLocation="https://maven.apache.org/surefire/maven-surefire-plugin/xsd/surefire-test-report-3.0.xsd" version="3.0" name="edu.cn5005.relations.RelationTest" time="0.056" tests="5" errors="0" skipped="0" failures="0">
  <properties>
[...]
</properties>
  <testcase name="testGrandparentRelation" classname="edu.cn5005.relations.RelationTest" time="0.019">
    <system-out><![CDATA[Loaded person: Αυγουστίνος Καποδίστριας (Male)
Loaded person: Αναστασία Μαυροκορδάτου (Female)
Loaded person: Ιωάννης Καποδίστριας (Male)
Loaded person: Ελένη Καποδίστρια (Female)
Loaded person: Νικόλαος Λυμπερόπουλος (Male)
Loaded person: Αλέξανδρος Καποδίστριας (Male)
Loaded person: Μαρία Καποδίστρια (Female)
Loaded person: Δημήτρης Καποδίστριας (Male)
Loaded person: Αλεξάνδρα Δεληγιάννη (Female)
Loaded person: Σοφία Καποδίστρια (Female)
Loaded person: Ανδρέας Λυμπερόπουλος (Male)
Loaded person: Ιωάννα Λυμπεροπούλου (Female)
Loaded person: Ευάγγελος Καποδίστριας (Male)
Loaded person: Δήμητρα Λυμπεροπούλου (Female)
Loaded person: Χριστίνα Καποδίστρια (Female)
Loaded person: Πέτρος Καποδίστριας (Male)
Loaded person: Νίκη Μάνου (Female)
Loaded person: Αννα Καποδίστρια (Female)
Loaded person: Αντώνης Καποδίστριας (Male)
Loaded person: Κατερίνα Στεφοπούλου (Female)
Loaded person: Μάριος Καποδίστριας (Male)
Loaded person: Ελένη Καποδίστρια (Female)
Loaded person: Γιώργος Λυμπερόπουλος (Male)
Loaded person: Αργυρώ Δεληγιάννη (Female)
Loaded person: Θάλεια Λυμπεροπούλου (Female)
]]></system-out>
  </testcase>
  <testcase name="testHalfSiblings" classname="edu.cn5005.relations.RelationTest" time="0.01">
    <system-out><![CDATA[Loaded person: Αυγουστίνος Καποδίστριας (Male)
Loaded person: Αναστασία Μαυροκορδάτου (Female)
Loaded person: Ιωάννης Καποδίστριας (Male)
Loaded person: Ελένη Καποδίστρια (Female)
Loaded person: Νικόλαος Λυμπερόπουλος (Male)
Loaded person: Αλέξανδρος Καποδίστριας (Male)
Loaded person: Μαρία Καποδίστρια (Female)
Loaded person: Δημήτρης Καποδίστριας (Male)
Loaded person: Αλεξάνδρα Δεληγιάννη (Female)
Loaded person: Σοφία Καποδίστρια (Female)
Loaded person: Ανδρέας Λυμπερόπουλος (Male)
Loaded person: Ιωάννα Λυμπεροπούλου (Female)
Loaded person: Ευάγγελος Καποδίστριας (Male)
Loaded person: Δήμητρα Λυμπεροπούλου (Female)
Loaded person: Χριστίνα Καποδίστρια (Female)
Loaded person: Πέτρος Καποδίστριας (Male)
Loaded person: Νίκη Μάνου (Female)
Loaded person: Αννα Καποδίστρια (Female)
Loaded person: Αντώνης Καποδίστριας (Male)
Loaded person: Κατερίνα Στεφοπούλου (Female)
Loaded person: Μάριος Καποδίστριας (Male)
Loaded person: Ελένη Καποδίστρια (Female)
Loaded person: Γιώργος Λυμπερόπουλος (Male)
Loaded person: Αργυρώ Δεληγιάννη (Female)
Loaded person: Θάλεια Λυμπεροπούλου (Female)
]]></system-out>
  </testcase>
  <testcase name="testSiblingRelation" classname="edu.cn5005.relations.RelationTest" time="0.002">
    <system-out><![CDATA[Loaded person: Αυγουστίνος Καποδίστριας (Male)
Loaded person: Αναστασία Μαυροκορδάτου (Female)
Loaded person: Ιωάννης Καποδίστριας (Male)
Loaded person: Ελένη Καποδίστρια (Female)
Loaded person: Νικόλαος Λυμπερόπουλος (Male)
Loaded person: Αλέξανδρος Καποδίστριας (Male)
Loaded person: Μαρία Καποδίστρια (Female)
Loaded person: Δημήτρης Καποδίστριας (Male)
Loaded person: Αλεξάνδρα Δεληγιάννη (Female)
Loaded person: Σοφία Καποδίστρια (Female)
Loaded person: Ανδρέας Λυμπερόπουλος (Male)
Loaded person: Ιωάννα Λυμπεροπούλου (Female)
Loaded person: Ευάγγελος Καποδίστριας (Male)
Loaded person: Δήμητρα Λυμπεροπούλου (Female)
Loaded person: Χριστίνα Καποδίστρια (Female)
Loaded person: Πέτρος Καποδίστριας (Male)
Loaded person: Νίκη Μάνου (Female)
Loaded person: Αννα Καποδίστρια (Female)
Loaded person: Αντώνης Καποδίστριας (Male)
Loaded person: Κατερίνα Στεφοπούλου (Female)
Loaded person: Μάριος Καποδίστριας (Male)
Loaded person: Ελένη Καποδίστρια (Female)
Loaded person: Γιώργος Λυμπερόπουλος (Male)
Loaded person: Αργυρώ Δεληγιάννη (Female)
Loaded person: Θάλεια Λυμπεροπούλου (Female)
]]></system-out>
  </testcase>
  <testcase name="testFatherRelation" classname="edu.cn5005.relations.RelationTest" time="0.007">
    <system-out><![CDATA[Loaded person: Αυγουστίνος Καποδίστριας (Male)
Loaded person: Αναστασία Μαυροκορδάτου (Female)
Loaded person: Ιωάννης Καποδίστριας (Male)
Loaded person: Ελένη Καποδίστρια (Female)
Loaded person: Νικόλαος Λυμπερόπουλος (Male)
Loaded person: Αλέξανδρος Καποδίστριας (Male)
Loaded person: Μαρία Καποδίστρια (Female)
Loaded person: Δημήτρης Καποδίστριας (Male)
Loaded person: Αλεξάνδρα Δεληγιάννη (Female)
Loaded person: Σοφία Καποδίστρια (Female)
Loaded person: Ανδρέας Λυμπερόπουλος (Male)
Loaded person: Ιωάννα Λυμπεροπούλου (Female)
Loaded person: Ευάγγελος Καποδίστριας (Male)
Loaded person: Δήμητρα Λυμπεροπούλου (Female)
Loaded person: Χριστίνα Καποδίστρια (Female)
Loaded person: Πέτρος Καποδίστριας (Male)
Loaded person: Νίκη Μάνου (Female)
Loaded person: Αννα Καποδίστρια (Female)
Loaded person: Αντώνης Καποδίστριας (Male)
Loaded person: Κατερίνα Στεφοπούλου (Female)
Loaded person: Μάριος Καποδίστριας (Male)
Loaded person: Ελένη Καποδίστρια (Female)
Loaded person: Γιώργος Λυμπερόπουλος (Male)
Loaded person: Αργυρώ Δεληγιάννη (Female)
Loaded person: Θάλεια Λυμπεροπούλου (Female)
]]></system-out>
  </testcase>
  <testcase name="testSpouse" classname="edu.cn5005.relations.RelationTest" time="0.005">
    <system-out><![CDATA[Loaded person: Αυγουστίνος Καποδίστριας (Male)
Loaded person: Αναστασία Μαυροκορδάτου (Female)
Loaded person: Ιωάννης Καποδίστριας (Male)
Loaded person: Ελένη Καποδίστρια (Female)
Loaded person: Νικόλαος Λυμπερόπουλος (Male)
Loaded person: Αλέξανδρος Καποδίστριας (Male)
Loaded person: Μαρία Καποδίστρια (Female)
Loaded person: Δημήτρης Καποδίστριας (Male)
Loaded person: Αλεξάνδρα Δεληγιάννη (Female)
Loaded person: Σοφία Καποδίστρια (Female)
Loaded person: Ανδρέας Λυμπερόπουλος (Male)
Loaded person: Ιωάννα Λυμπεροπούλου (Female)
Loaded person: Ευάγγελος Καποδίστριας (Male)
Loaded person: Δήμητρα Λυμπεροπούλου (Female)
Loaded person: Χριστίνα Καποδίστρια (Female)
Loaded person: Πέτρος Καποδίστριας (Male)
Loaded person: Νίκη Μάνου (Female)
Loaded person: Αννα Καποδίστρια (Female)
Loaded person: Αντώνης Καποδίστριας (Male)
Loaded person: Κατερίνα Στεφοπούλου (Female)
Loaded person: Μάριος Καποδίστριας (Male)
Loaded person: Ελένη Καποδίστρια (Female)
Loaded person: Γιώργος Λυμπερόπουλος (Male)
Loaded person: Αργυρώ Δεληγιάννη (Female)
Loaded person: Θάλεια Λυμπεροπούλου (Female)
]]></system-out>
  </testcase>
</testsuite>